# JRE version: Java(TM) SE Runtime Environment (8.0_60-b27) (build 1.8.0_60-b27)
# Java VM: Java HotSpot(TM) 64-Bit Server VM (25.60-b23 mixed mode windows-amd64 compressed oops)
Heap:
 PSYoungGen      total 137728K, used 10221K [0x00000000eb300000, 0x00000000f4200000, 0x0000000100000000)
  eden space 130560K, 7% used [0x00000000eb300000,0x00000000ebcfb508,0x00000000f3280000)
  from space 7168K, 0% used [0x00000000f3a00000,0x00000000f3a00000,0x00000000f4100000)
  to   space 7680K, 0% used [0x00000000f3280000,0x00000000f3280000,0x00000000f3a00000)
 ParOldGen       total 37376K, used 10321K [0x00000000c1800000, 0x00000000c3c80000, 0x00000000eb300000)
  object space 37376K, 27% used [0x00000000c1800000,0x00000000c22147b8,0x00000000c3c80000)
 Metaspace       used 21281K, capacity 21474K, committed 21888K, reserved 1069056K
  class space    used 2754K, capacity 2817K, committed 2944K, reserved 1048576K
GC Heap History (10 events):
Event: 17.367 GC heap before
{Heap before GC invocations=3 (full 0):
 PSYoungGen      total 35328K, used 35311K [0x00000000eb300000, 0x00000000ed800000, 0x0000000100000000)
  eden space 32768K, 100% used [0x00000000eb300000,0x00000000ed300000,0x00000000ed300000)
  from space 2560K, 99% used [0x00000000ed580000,0x00000000ed7fbe88,0x00000000ed800000)
  to   space 2560K, 0% used [0x00000000ed300000,0x00000000ed300000,0x00000000ed580000)
 ParOldGen       total 44032K, used 480K [0x00000000c1800000, 0x00000000c4300000, 0x00000000eb300000)
  object space 44032K, 1% used [0x00000000c1800000,0x00000000c1878340,0x00000000c4300000)
 Metaspace       used 10564K, capacity 10670K, committed 10880K, reserved 1058816K
  class space    used 1349K, capacity 1400K, committed 1408K, reserved 1048576K
Event: 17.388 GC heap after
Heap after GC invocations=3 (full 0):
 PSYoungGen      total 35328K, used 2535K [0x00000000eb300000, 0x00000000ef800000, 0x0000000100000000)
  eden space 32768K, 0% used [0x00000000eb300000,0x00000000eb300000,0x00000000ed300000)
  from space 2560K, 99% used [0x00000000ed300000,0x00000000ed579c50,0x00000000ed580000)
  to   space 2560K, 0% used [0x00000000ef580000,0x00000000ef580000,0x00000000ef800000)
 ParOldGen       total 44032K, used 2806K [0x00000000c1800000, 0x00000000c4300000, 0x00000000eb300000)
  object space 44032K, 6% used [0x00000000c1800000,0x00000000c1abd9d8,0x00000000c4300000)
 Metaspace       used 10564K, capacity 10670K, committed 10880K, reserved 1058816K
  class space    used 1349K, capacity 1400K, committed 1408K, reserved 1048576K
}
Event: 20.022 GC heap before
{Heap before GC invocations=4 (full 0):
 PSYoungGen      total 35328K, used 35303K [0x00000000eb300000, 0x00000000ef800000, 0x0000000100000000)
  eden space 32768K, 100% used [0x00000000eb300000,0x00000000ed300000,0x00000000ed300000)
  from space 2560K, 99% used [0x00000000ed300000,0x00000000ed579c50,0x00000000ed580000)
  to   space 2560K, 0% used [0x00000000ef580000,0x00000000ef580000,0x00000000ef800000)
 ParOldGen       total 44032K, used 2806K [0x00000000c1800000, 0x00000000c4300000, 0x00000000eb300000)
  object space 44032K, 6% used [0x00000000c1800000,0x00000000c1abd9d8,0x00000000c4300000)
 Metaspace       used 12017K, capacity 12140K, committed 12416K, reserved 1060864K
  class space    used 1530K, capacity 1565K, committed 1664K, reserved 1048576K
Event: 20.045 GC heap after
Heap after GC invocations=4 (full 0):
 PSYoungGen      total 68096K, used 2541K [0x00000000eb300000, 0x00000000ef800000, 0x0000000100000000)
  eden space 65536K, 0% used [0x00000000eb300000,0x00000000eb300000,0x00000000ef300000)
  from space 2560K, 99% used [0x00000000ef580000,0x00000000ef7fb7a0,0x00000000ef800000)
  to   space 2560K, 0% used [0x00000000ef300000,0x00000000ef300000,0x00000000ef580000)
 ParOldGen       total 44032K, used 4245K [0x00000000c1800000, 0x00000000c4300000, 0x00000000eb300000)
  object space 44032K, 9% used [0x00000000c1800000,0x00000000c1c257c0,0x00000000c4300000)
 Metaspace       used 12017K, capacity 12140K, committed 12416K, reserved 1060864K
  class space    used 1530K, capacity 1565K, committed 1664K, reserved 1048576K
}
Event: 25.776 GC heap before
{Heap before GC invocations=5 (full 0):
 PSYoungGen      total 68096K, used 68077K [0x00000000eb300000, 0x00000000ef800000, 0x0000000100000000)
  eden space 65536K, 100% used [0x00000000eb300000,0x00000000ef300000,0x00000000ef300000)
  from space 2560K, 99% used [0x00000000ef580000,0x00000000ef7fb7a0,0x00000000ef800000)
  to   space 2560K, 0% used [0x00000000ef300000,0x00000000ef300000,0x00000000ef580000)
 ParOldGen       total 44032K, used 4245K [0x00000000c1800000, 0x00000000c4300000, 0x00000000eb300000)
  object space 44032K, 9% used [0x00000000c1800000,0x00000000c1c257c0,0x00000000c4300000)
 Metaspace       used 16909K, capacity 17082K, committed 17408K, reserved 1064960K
  class space    used 2216K, capacity 2270K, committed 2304K, reserved 1048576K
Event: 25.803 GC heap after
Heap after GC invocations=5 (full 0):
 PSYoungGen      total 68096K, used 2551K [0x00000000eb300000, 0x00000000f4100000, 0x0000000100000000)
  eden space 65536K, 0% used [0x00000000eb300000,0x00000000eb300000,0x00000000ef300000)
  from space 2560K, 99% used [0x00000000ef300000,0x00000000ef57dfa8,0x00000000ef580000)
  to   space 7168K, 0% used [0x00000000f3a00000,0x00000000f3a00000,0x00000000f4100000)
 ParOldGen       total 44032K, used 8262K [0x00000000c1800000, 0x00000000c4300000, 0x00000000eb300000)
  object space 44032K, 18% used [0x00000000c1800000,0x00000000c20119c0,0x00000000c4300000)
 Metaspace       used 16909K, capacity 17082K, committed 17408K, reserved 1064960K
  class space    used 2216K, capacity 2270K, committed 2304K, reserved 1048576K
}
Event: 29.123 GC heap before
{Heap before GC invocations=6 (full 0):
 PSYoungGen      total 68096K, used 37907K [0x00000000eb300000, 0x00000000f4100000, 0x0000000100000000)
  eden space 65536K, 53% used [0x00000000eb300000,0x00000000ed587040,0x00000000ef300000)
  from space 2560K, 99% used [0x00000000ef300000,0x00000000ef57dfa8,0x00000000ef580000)
  to   space 7168K, 0% used [0x00000000f3a00000,0x00000000f3a00000,0x00000000f4100000)
 ParOldGen       total 44032K, used 8262K [0x00000000c1800000, 0x00000000c4300000, 0x00000000eb300000)
  object space 44032K, 18% used [0x00000000c1800000,0x00000000c20119c0,0x00000000c4300000)
 Metaspace       used 20868K, capacity 21026K, committed 21248K, reserved 1067008K
  class space    used 2681K, capacity 2753K, committed 2816K, reserved 1048576K
Event: 29.155 GC heap after
Heap after GC invocations=6 (full 0):
 PSYoungGen      total 137728K, used 6294K [0x00000000eb300000, 0x00000000f4200000, 0x0000000100000000)
  eden space 130560K, 0% used [0x00000000eb300000,0x00000000eb300000,0x00000000f3280000)
  from space 7168K, 87% used [0x00000000f3a00000,0x00000000f4025ac8,0x00000000f4100000)
  to   space 7680K, 0% used [0x00000000f3280000,0x00000000f3280000,0x00000000f3a00000)
 ParOldGen       total 44032K, used 8270K [0x00000000c1800000, 0x00000000c4300000, 0x00000000eb300000)
  object space 44032K, 18% used [0x00000000c1800000,0x00000000c20139c0,0x00000000c4300000)
 Metaspace       used 20868K, capacity 21026K, committed 21248K, reserved 1067008K
  class space    used 2681K, capacity 2753K, committed 2816K, reserved 1048576K
}
Event: 29.155 GC heap before
{Heap before GC invocations=7 (full 1):
 PSYoungGen      total 137728K, used 6294K [0x00000000eb300000, 0x00000000f4200000, 0x0000000100000000)
  eden space 130560K, 0% used [0x00000000eb300000,0x00000000eb300000,0x00000000f3280000)
  from space 7168K, 87% used [0x00000000f3a00000,0x00000000f4025ac8,0x00000000f4100000)
  to   space 7680K, 0% used [0x00000000f3280000,0x00000000f3280000,0x00000000f3a00000)
 ParOldGen       total 44032K, used 8270K [0x00000000c1800000, 0x00000000c4300000, 0x00000000eb300000)
  object space 44032K, 18% used [0x00000000c1800000,0x00000000c20139c0,0x00000000c4300000)
 Metaspace       used 20868K, capacity 21026K, committed 21248K, reserved 1067008K
  class space    used 2681K, capacity 2753K, committed 2816K, reserved 1048576K
Event: 29.349 GC heap after
Heap after GC invocations=7 (full 1):
 PSYoungGen      total 137728K, used 0K [0x00000000eb300000, 0x00000000f4200000, 0x0000000100000000)
  eden space 130560K, 0% used [0x00000000eb300000,0x00000000eb300000,0x00000000f3280000)
  from space 7168K, 0% used [0x00000000f3a00000,0x00000000f3a00000,0x00000000f4100000)
  to   space 7680K, 0% used [0x00000000f3280000,0x00000000f3280000,0x00000000f3a00000)
 ParOldGen       total 37376K, used 10321K [0x00000000c1800000, 0x00000000c3c80000, 0x00000000eb300000)
  object space 37376K, 27% used [0x00000000c1800000,0x00000000c22147b8,0x00000000c3c80000)
 Metaspace       used 20868K, capacity 21026K, committed 21248K, reserved 1067008K
  class space    used 2681K, capacity 2753K, committed 2816K, reserved 1048576K
}

